2024-06-05T07:10:19.142Z [[32minfo[39m]: POST /api/api/users/auth
2024-06-05T07:15:05.501Z [[32minfo[39m]: POST /api/api/users/auth
2024-06-05T07:19:06.971Z [[32minfo[39m]: POST /api/users/auth
2024-06-05T07:19:09.546Z [[32minfo[39m]: POST /api/users/auth
2024-06-05T07:19:10.578Z [[32minfo[39m]: POST /api/users/auth
2024-06-05T07:19:26.334Z [[32minfo[39m]: POST /api/users/auth
2024-06-05T07:23:33.546Z [[32minfo[39m]: POST /api/users/auth
2024-06-05T07:24:13.091Z [[32minfo[39m]: POST /api/users/auth
2024-06-05T07:26:15.945Z [[32minfo[39m]: GET /api/getusers
2024-06-05T07:26:57.799Z [[32minfo[39m]: POST /api/users/auth
2024-06-05T07:31:12.576Z [[32minfo[39m]: GET /api/users/profile
2024-06-05T07:31:46.616Z [[32minfo[39m]: GET /api/users/logout
2024-06-05T07:31:53.827Z [[32minfo[39m]: PUT /api/users/logout
2024-06-05T07:31:59.155Z [[32minfo[39m]: GET /api/users/logout
2024-06-05T07:32:33.910Z [[32minfo[39m]: POST /api/users/logout
2024-06-05T07:32:50.255Z [[32minfo[39m]: GET /api/users/profile
2024-06-05T07:33:21.713Z [[32minfo[39m]: POST /api/users/auth
2024-06-05T07:33:28.360Z [[32minfo[39m]: POST /api/users/auth
2024-06-05T07:33:35.635Z [[32minfo[39m]: POST /api/users/auth
2024-06-05T07:33:40.894Z [[32minfo[39m]: POST /api/users/auth
2024-06-05T07:34:06.129Z [[32minfo[39m]: GET /api/users/profile
2024-06-05T07:44:11.232Z [[32minfo[39m]: POST /api/users/auth
2024-06-05T07:44:27.772Z [[32minfo[39m]: POST /api/users/auth
2024-06-05T07:48:26.696Z [[32minfo[39m]: POST /api/users/auth
2024-06-05T08:24:47.581Z [[32minfo[39m]: POST /api/users/auth
2024-06-05T08:27:57.235Z [[32minfo[39m]: GET /api/getusers
2024-06-05T08:28:06.338Z [[32minfo[39m]: GET /api/getusers
2024-06-05T08:28:07.201Z [[32minfo[39m]: GET /api/getusers
2024-06-05T08:28:07.414Z [[32minfo[39m]: GET /api/getusers
2024-06-05T08:28:38.966Z [[32minfo[39m]: GET /api/getusers
2024-06-05T08:28:43.315Z [[32minfo[39m]: GET /api/getusers
2024-06-05T08:28:52.745Z [[32minfo[39m]: GET /api/getusers
2024-06-05T09:19:20.897Z [[32minfo[39m]: GET /api/getusers
2024-06-05T09:19:24.806Z [[32minfo[39m]: DELETE /api/users/665577fa1d68f2b7cea8800d
2024-06-05T09:20:48.317Z [[32minfo[39m]: GET /api/getusers
2024-06-05T09:20:51.076Z [[32minfo[39m]: DELETE /api/users/665577fa1d68f2b7cea8800d
2024-06-05T09:22:00.073Z [[32minfo[39m]: DELETE /api/users/665577fa1d68f2b7cea8800d
2024-06-05T09:28:42.137Z [[32minfo[39m]: GET /api/getusers
2024-06-05T09:31:44.122Z [[32minfo[39m]: GET /api/getusers
2024-06-05T09:32:07.505Z [[32minfo[39m]: GET /api/getusers
2024-06-05T09:32:11.102Z [[32minfo[39m]: DELETE /api/users/665577fa1d68f2b7cea8800d
2024-06-05T09:33:37.043Z [[32minfo[39m]: GET /api/getusers
2024-06-05T09:33:50.537Z [[32minfo[39m]: GET /api/getusers
2024-06-05T09:38:37.607Z [[32minfo[39m]: GET /api/getusers
2024-06-05T09:43:26.087Z [[32minfo[39m]: GET /api/getusers
2024-06-05T09:43:26.299Z [[32minfo[39m]: GET /api/getusers
2024-06-05T09:43:30.736Z [[32minfo[39m]: GET /api/getusers
2024-06-05T09:56:56.068Z [[32minfo[39m]: GET /api/getusers
2024-06-05T09:57:04.032Z [[32minfo[39m]: GET /api/getusers
2024-06-05T11:10:42.885Z [[32minfo[39m]: POST /api/users/auth
2024-06-05T11:10:43.430Z [[32minfo[39m]: GET /api/getusers
2024-06-05T11:16:59.870Z [[32minfo[39m]: GET /api/getusers
2024-06-05T11:18:59.466Z [[32minfo[39m]: GET /api/getusers
2024-06-05T11:19:15.402Z [[32minfo[39m]: GET /api/getusers
2024-06-05T11:19:23.627Z [[32minfo[39m]: GET /api/getusers
2024-06-05T11:26:16.067Z [[32minfo[39m]: GET /api/getusers
2024-06-05T11:30:58.592Z [[32minfo[39m]: GET /api/getusers
2024-06-05T11:31:03.328Z [[32minfo[39m]: GET /api/getusers
2024-06-05T11:39:49.993Z [[32minfo[39m]: GET /api/getusers
2024-06-05T11:41:27.791Z [[32minfo[39m]: GET /api/getusers
2024-06-05T11:41:28.861Z [[32minfo[39m]: GET /api/getusers
2024-06-05T11:41:29.486Z [[32minfo[39m]: GET /api/getusers
2024-06-05T11:41:31.132Z [[32minfo[39m]: GET /api/getusers
2024-06-05T11:41:31.706Z [[32minfo[39m]: GET /api/getusers
2024-06-05T11:41:32.697Z [[32minfo[39m]: GET /api/getusers
2024-06-05T11:41:40.239Z [[32minfo[39m]: GET /api/getusers
2024-06-05T11:41:41.009Z [[32minfo[39m]: GET /api/getusers
2024-06-05T11:41:42.028Z [[32minfo[39m]: GET /api/getusers
2024-06-05T11:41:42.702Z [[32minfo[39m]: GET /api/getusers
2024-06-05T11:45:26.296Z [[32minfo[39m]: GET /api/getusers
2024-06-05T11:45:28.420Z [[32minfo[39m]: GET /api/getusers
2024-06-05T11:45:29.377Z [[32minfo[39m]: GET /api/getusers
2024-06-05T11:46:01.371Z [[32minfo[39m]: GET /api/getusers
2024-06-05T11:46:07.116Z [[32minfo[39m]: GET /api/getusers
2024-06-05T11:46:11.180Z [[32minfo[39m]: GET /api/getusers
2024-06-05T11:46:11.812Z [[32minfo[39m]: GET /api/getusers
2024-06-05T11:49:34.018Z [[32minfo[39m]: GET /api/getusers
2024-06-05T11:49:37.377Z [[32minfo[39m]: GET /api/getusers
2024-06-05T11:49:38.120Z [[32minfo[39m]: GET /api/getusers
2024-06-05T11:50:12.616Z [[32minfo[39m]: GET /api/getusers
2024-06-05T11:50:13.276Z [[32minfo[39m]: GET /api/getusers
